====== [Graph:__constEvaluationFunction__9__/language_model/model/layers.0/self_attn/Mul_8/]
__constEvaluationFunction__9__/language_model/model/layers.0/self_attn/Mul_8/: Graph Ordered by PostOrderVisitor

/language_model/model/layers.0/self_attn/Sub_2/.constfold__8 Constant HasData: 1
  index64<> 0KB /language_model/model/layers.0/self_attn/Sub_2/.constfold__8:Output

/language_model/model/Constant/__1 Constant HasData: 1
  index64<> 0KB /language_model/model/Constant/__1:Output

/language_model/model/layers.0/self_attn/Mul_8/__1 Mul
  index64<> 0KB /language_model/model/layers.0/self_attn/Mul_8/__1:Result
  LHS: index64<> 0KB /language_model/model/layers.0/self_attn/Sub_2/.constfold__8:Output
  RHS: index64<> 0KB /language_model/model/Constant/__1:Output

/language_model/model/layers.0/self_attn/Mul_8/__1 Placeholder
  index64<> 0KB /language_model/model/layers.0/self_attn/Mul_8/__1:Output

/language_model/model/layers.0/self_attn/Mul_8/__3 Save
  Input: index64<> 0KB /language_model/model/layers.0/self_attn/Mul_8/__1:Result
  Output: index64<> 0KB /language_model/model/layers.0/self_attn/Mul_8/__1:Output

Op summary (name, count, output bytes): 
                  Constant               2              16
               Placeholder               1               8
                      Save               1               0
                       Mul               1               8
