====== [Graph:__constEvaluationFunction__17__/language_model/Mul/__1]
__constEvaluationFunction__17__/language_model/Mul/__1: Graph Ordered by PostOrderVisitor

/Range/__1 Constant HasData: 1
  index64<1> 0KB /Range/__1:Output

/Reshape/__6 Reshape
  index64<1 x 1> 0KB /Reshape/__6:Result
  Input: index64<1> 0KB /Range/__1:Output

/language_model/model/layers.0/self_attn/Shape/__1 Constant HasData: 1
  index64<3> 0KB /language_model/model/layers.0/self_attn/Shape/__1:Output

/language_model/Gather_1/__3 Slice Start: [1]
  index64<1> 0KB /language_model/Gather_1/__3:Result
  Input: index64<3> 0KB /language_model/model/layers.0/self_attn/Shape/__1:Output

/language_model/Mul/_broadcast_input_1.reshape__3 Reshape
  index64<1 x 1> 0KB /language_model/Mul/_broadcast_input_1.reshape__3:Result
  Input: index64<1> 0KB /language_model/Gather_1/__3:Result

/language_model/Mul/__2 Mul
  index64<1 x 1> 0KB /language_model/Mul/__2:Result
  LHS: index64<1 x 1> 0KB /Reshape/__6:Result
  RHS: index64<1 x 1> 0KB /language_model/Mul/_broadcast_input_1.reshape__3:Result

/language_model/Mul/__2 Placeholder
  index64<1 x 1> 0KB /language_model/Mul/__2:Output

/language_model/Mul/__5 Save
  Input: index64<1 x 1> 0KB /language_model/Mul/__2:Result
  Output: index64<1 x 1> 0KB /language_model/Mul/__2:Output

Op summary (name, count, output bytes): 
                  Constant               2              32
               Placeholder               1               8
                      Save               1               0
                       Mul               1               8
                   Reshape               2              16
                     Slice               1               8
