Op distribution across cores (sorted by output size imbalance):
                                              C0          -1/DDR            Host      Unassigned           Total 
           BlockDequantize count               0               0               0           2,785           2,785 
           BlockDequantize bytes               0               0               0 215,080,370,176 215,080,370,176 
             BlockQuantize count               0               0               0           2,785           2,785 
             BlockQuantize bytes               0               0               0 106,734,980,096 106,734,980,096 
                   Reshape count               0               0               0           1,327           1,327 
                   Reshape bytes               0               0               0   9,763,141,002   9,763,141,002 
                  AICUndef count               0               0               0           2,054           2,054 
                  AICUndef bytes               0               0               0   8,074,448,192   8,074,448,192 
              InsertTensor count               0               0               0           1,909           1,909 
              InsertTensor bytes               0               0               0   8,073,455,008   8,073,455,008 
                    Select count               0               0               0           1,635           1,635 
                    Select bytes               0               0               0     857,210,892     857,210,892 
          AICGatherNDRange count               0               0               0              96              96 
          AICGatherNDRange bytes               0               0               0     830,472,192     830,472,192 
              AICScatterND count               0               0               0              96              96 
              AICScatterND bytes               0               0               0     830,472,192     830,472,192 
                       Mul count               0               0               0           2,174           2,174 
                       Mul bytes               0               0               0      60,579,844      60,579,844 
                    MatMul count               0               0               0           2,448           2,448 
                    MatMul bytes               0               0               0      34,604,544      34,604,544 
               BatchMatMul count               0               0               0             289             289 
               BatchMatMul bytes               0               0               0      33,532,544      33,532,544 
                AICSoftMax count               0               0               0              48              48 
                AICSoftMax bytes               0               0               0      31,457,280      31,457,280 
                       Add count               0               0               0           1,685           1,685 
                       Add bytes               0               0               0      20,376,974      20,376,974 
                   Sigmoid count               0               0               0             912             912 
                   Sigmoid bytes               0               0               0      13,370,976      13,370,976 
                 ConvertTo count               0               0               0              56              56 
                 ConvertTo bytes               0               0               0       1,791,262       1,791,262 
          AICNormalization count               0               0               0              97              97 
          AICNormalization bytes               0               0               0         993,280         993,280 
            FullyConnected count               0               0               0              48              48 
            FullyConnected bytes               0               0               0         491,520         491,520 
                     Slice count               0               0               0           1,012           1,012 
                     Slice bytes               0               0               0         447,248         447,248 
                    Concat count               0               0               0              73              73 
                    Concat bytes               0               0               0         442,464         442,464 
                       Sub count               0               0               0              73              73 
                       Sub bytes               0               0               0         221,188         221,188 
                     Splat count               0               0               0              76              76 
                     Splat bytes               0               0               0          30,120          30,120 
                     CmpLT count               0               0               0             772             772 
                     CmpLT bytes               0               0               0          25,345          25,345 
                    Gather count               0               0               0               3               3 
                    Gather bytes               0               0               0          20,736          20,736 
       AICBatchedReduceAdd count               0               0               0              72              72 
       AICBatchedReduceAdd bytes               0               0               0           3,456           3,456 
                     Rsqrt count               0               0               0              72              72 
                     Rsqrt bytes               0               0               0           3,456           3,456 
                       Div count               0               0               0              72              72 
                       Div bytes               0               0               0           3,456           3,456 
            AICScatterData count               0               0               0              48              48 
            AICScatterData bytes               0               0               0           1,536           1,536 
                      TopK count               0               0               0              48              48 
                      TopK bytes               0               0               0             288             288 
                    Modulo count               0               0               0               1               1 
                    Modulo bytes               0               0               0               8               8 
                    ArgMax count               0               0               0               1               1 
                    ArgMax bytes               0               0               0               4               4 
   AICSpecializationSelect count               0               0               0               1               1 
   AICSpecializationSelect bytes               0               0               0               4               4 
                    CumSum count               0               0               0               1               1 
                    CumSum bytes               0               0               0               4               4 
                     Floor count               0               0               0               1               1 
                     Floor bytes               0               0               0               2               2 
                    CmpNEQ count               0               0               0               2               2 
                    CmpNEQ bytes               0               0               0               2               2 
                       Log count               0               0               0               1               1 
                       Log bytes               0               0               0               2               2 
                     CmpEQ count               0               0               0               1               1 
                     CmpEQ bytes               0               0               0               1               1 
                      Save count               0               0               0             100             100 
                      Save bytes               0               0               0               0               0 
