Op distribution across cores (sorted by output size imbalance):
                                              C0          -1/DDR            Host      Unassigned           Total 
           BlockDequantize count               0               0               0           2,785           2,785 
           BlockDequantize bytes               0               0               0 215,080,370,176 215,080,370,176 
             BlockQuantize count               0               0               0           2,785           2,785 
             BlockQuantize bytes               0               0               0 106,747,854,848 106,747,854,848 
                   Reshape count               0               0               0           1,288           1,288 
                   Reshape bytes               0               0               0  22,321,485,708  22,321,485,708 
                  AICUndef count               0               0               0           2,056           2,056 
                  AICUndef bytes               0               0               0   9,586,525,984   9,586,525,984 
              InsertTensor count               0               0               0           1,911           1,911 
              InsertTensor bytes               0               0               0   9,585,581,568   9,585,581,568 
                       Mul count               0               0               0           2,174           2,174 
                       Mul bytes               0               0               0   7,754,220,032   7,754,220,032 
                    Select count               0               0               0           1,636           1,636 
                    Select bytes               0               0               0   7,450,395,652   7,450,395,652 
                    MatMul count               0               0               0           2,496           2,496 
                    MatMul bytes               0               0               0   4,492,296,192   4,492,296,192 
               BatchMatMul count               0               0               0             289             289 
               BatchMatMul bytes               0               0               0   4,240,845,440   4,240,845,440 
                 Transpose count               0               0               0             240             240 
                 Transpose bytes               0               0               0   4,177,526,784   4,177,526,784 
                AICSoftMax count               0               0               0              48              48 
                AICSoftMax bytes               0               0               0   4,026,531,840   4,026,531,840 
                       Add count               0               0               0           1,781           1,781 
                       Add bytes               0               0               0   2,671,215,876   2,671,215,876 
                   Sigmoid count               0               0               0             912             912 
                   Sigmoid bytes               0               0               0   1,711,484,928   1,711,484,928 
          AICGatherNDRange count               0               0               0              96              96 
          AICGatherNDRange bytes               0               0               0     830,472,192     830,472,192 
              AICScatterND count               0               0               0              96              96 
              AICScatterND bytes               0               0               0     830,472,192     830,472,192 
          AICNormalization count               0               0               0              97              97 
          AICNormalization bytes               0               0               0     127,139,840     127,139,840 
                     Slice count               0               0               0           1,010           1,010 
                     Slice bytes               0               0               0      57,245,696      57,245,696 
                    Concat count               0               0               0              73              73 
                    Concat bytes               0               0               0      56,635,392      56,635,392 
                       Sub count               0               0               0              73              73 
                       Sub bytes               0               0               0      28,312,064      28,312,064 
                     Splat count               0               0               0              76              76 
                     Splat bytes               0               0               0       3,855,360       3,855,360 
                    Gather count               0               0               0               4               4 
                    Gather bytes               0               0               0       2,664,448       2,664,448 
                     CmpLT count               0               0               0             772             772 
                     CmpLT bytes               0               0               0       2,203,649       2,203,649 
                 ConvertTo count               0               0               0               8               8 
                 ConvertTo bytes               0               0               0         810,508         810,508 
                       Div count               0               0               0              72              72 
                       Div bytes               0               0               0         442,368         442,368 
       AICBatchedReduceAdd count               0               0               0              72              72 
       AICBatchedReduceAdd bytes               0               0               0         442,368         442,368 
                     Rsqrt count               0               0               0              72              72 
                     Rsqrt bytes               0               0               0         442,368         442,368 
            AICScatterData count               0               0               0              48              48 
            AICScatterData bytes               0               0               0         196,608         196,608 
                      TopK count               0               0               0              48              48 
                      TopK bytes               0               0               0          36,864          36,864 
                    Modulo count               0               0               0               1               1 
                    Modulo bytes               0               0               0           1,024           1,024 
                    CumSum count               0               0               0               1               1 
                    CumSum bytes               0               0               0             512             512 
                       Log count               0               0               0               1               1 
                       Log bytes               0               0               0             256             256 
                     Floor count               0               0               0               1               1 
                     Floor bytes               0               0               0             256             256 
                    CmpNEQ count               0               0               0               2               2 
                    CmpNEQ bytes               0               0               0             256             256 
                     CmpEQ count               0               0               0               1               1 
                     CmpEQ bytes               0               0               0             128             128 
       AICBatchedReduceMax count               0               0               0               2               2 
       AICBatchedReduceMax bytes               0               0               0               8               8 
   AICSpecializationSelect count               0               0               0               1               1 
   AICSpecializationSelect bytes               0               0               0               4               4 
                    ArgMax count               0               0               0               1               1 
                    ArgMax bytes               0               0               0               4               4 
                      Save count               0               0               0             100             100 
                      Save bytes               0               0               0               0               0 
