Op distribution across cores (sorted by output size imbalance):
                                              C0          -1/DDR            Host      Unassigned           Total 
           BlockDequantize count               0               0               0           2,785           2,785 
           BlockDequantize bytes               0               0               0 215,088,234,496 215,088,234,496 
                   Reshape count               0               0               0           1,379           1,379 
                   Reshape bytes               0               0               0  24,443,893,764  24,443,893,764 
              InsertTensor count               0               0               0           1,875           1,875 
              InsertTensor bytes               0               0               0   9,363,383,296   9,363,383,296 
         AICConvolutionD32 count               0               0               0           2,785           2,785 
         AICConvolutionD32 bytes               0               0               0   8,745,865,216   8,745,865,216 
                  AICUndef count               0               0               0             107             107 
                  AICUndef bytes               0               0               0   8,055,458,374   8,055,458,374 
         AICConvertFromD32 count               0               0               0           1,969           1,969 
         AICConvertFromD32 bytes               0               0               0   7,021,865,600   7,021,865,600 
           AICConvertToD32 count               0               0               0             385             385 
           AICConvertToD32 bytes               0               0               0   4,542,758,912   4,542,758,912 
       AICSelectSplatRange count               0               0               0              96              96 
       AICSelectSplatRange bytes               0               0               0   4,441,767,936   4,441,767,936 
               AICMulSplat count               0               0               0             122             122 
               AICMulSplat bytes               0               0               0   4,026,974,720   4,026,974,720 
                AICSoftMax count               0               0               0              48              48 
                AICSoftMax bytes               0               0               0   4,026,531,840   4,026,531,840 
                       Mul count               0               0               0           1,704           1,704 
                       Mul bytes               0               0               0   3,479,175,168   3,479,175,168 
                       Add count               0               0               0           1,706           1,706 
                       Add bytes               0               0               0   2,670,772,740   2,670,772,740 
                    Select count               0               0               0           1,540           1,540 
                    Select bytes               0               0               0   2,618,557,444   2,618,557,444 
                   Sigmoid count               0               0               0             912             912 
                   Sigmoid bytes               0               0               0   1,711,484,928   1,711,484,928 
    AICConvertWeightsToD32 count               0               0               0              96              96 
    AICConvertWeightsToD32 bytes               0               0               0   1,220,542,464   1,220,542,464 
            AICWriteOutput count               0               0               0              99              99 
            AICWriteOutput bytes               0               0               0     856,347,912     856,347,912 
              AICReadInput count               0               0               0             100             100 
              AICReadInput bytes               0               0               0     855,541,768     855,541,768 
          AICGatherNDRange count               0               0               0              96              96 
          AICGatherNDRange bytes               0               0               0     830,472,192     830,472,192 
              AICScatterND count               0               0               0              96              96 
              AICScatterND bytes               0               0               0     830,472,192     830,472,192 
           AICBroadcastMul count               0               0               0             420             420 
           AICBroadcastMul bytes               0               0               0     248,512,512     248,512,512 
                 Transpose count               0               0               0             192             192 
                 Transpose bytes               0               0               0     150,994,944     150,994,944 
          AICNormalization count               0               0               0              97              97 
          AICNormalization bytes               0               0               0     127,139,840     127,139,840 
                     Slice count               0               0               0             915             915 
                     Slice bytes               0               0               0      56,856,576      56,856,576 
                    Concat count               0               0               0              73              73 
                    Concat bytes               0               0               0      56,635,392      56,635,392 
                       Sub count               0               0               0              73              73 
                       Sub bytes               0               0               0      28,312,064      28,312,064 
             BlockQuantize count               0               0               0              96              96 
             BlockQuantize bytes               0               0               0      12,976,128      12,976,128 
                     Splat count               0               0               0               5               5 
                     Splat bytes               0               0               0       3,413,120       3,413,120 
                    Gather count               0               0               0               4               4 
                    Gather bytes               0               0               0       2,664,448       2,664,448 
                 ConvertTo count               0               0               0               8               8 
                 ConvertTo bytes               0               0               0         810,508         810,508 
               AICAddSplat count               0               0               0              75              75 
               AICAddSplat bytes               0               0               0         443,136         443,136 
                     Rsqrt count               0               0               0              72              72 
                     Rsqrt bytes               0               0               0         442,368         442,368 
       AICBatchedReduceAdd count               0               0               0              72              72 
       AICBatchedReduceAdd bytes               0               0               0         442,368         442,368 
            AICScatterData count               0               0               0              48              48 
            AICScatterData bytes               0               0               0         196,608         196,608 
                     CmpLT count               0               0               0             769             769 
                     CmpLT bytes               0               0               0          98,305          98,305 
                      TopK count               0               0               0              48              48 
                      TopK bytes               0               0               0          36,864          36,864 
                    Modulo count               0               0               0               1               1 
                    Modulo bytes               0               0               0           1,024           1,024 
                    CumSum count               0               0               0               1               1 
                    CumSum bytes               0               0               0             512             512 
                       Log count               0               0               0               1               1 
                       Log bytes               0               0               0             256             256 
                     Floor count               0               0               0               1               1 
                     Floor bytes               0               0               0             256             256 
                    CmpNEQ count               0               0               0               2               2 
                    CmpNEQ bytes               0               0               0             256             256 
                     CmpEQ count               0               0               0               1               1 
                     CmpEQ bytes               0               0               0             128             128 
       AICBatchedReduceMax count               0               0               0               2               2 
       AICBatchedReduceMax bytes               0               0               0               8               8 
                    ArgMax count               0               0               0               1               1 
                    ArgMax bytes               0               0               0               4               4 
   AICSpecializationSelect count               0               0               0               1               1 
   AICSpecializationSelect bytes               0               0               0               4               4 
                      Save count               0               0               0             100             100 
                      Save bytes               0               0               0               0               0 
