Op distribution across cores (sorted by output size imbalance):
                                              C0          -1/DDR            Host      Unassigned           Total 
           BlockDequantize count               0               0               0           2,785           2,785 
           BlockDequantize bytes               0               0               0 215,088,234,496 215,088,234,496 
                   Reshape count               0               0               0           1,417           1,417 
                   Reshape bytes               0               0               0  11,789,736,066  11,789,736,066 
              InsertTensor count               0               0               0           1,873           1,873 
              InsertTensor bytes               0               0               0   8,063,300,000   8,063,300,000 
                  AICUndef count               0               0               0             105             105 
                  AICUndef bytes               0               0               0   8,053,087,494   8,053,087,494 
         AICConvolutionD32 count               0               0               0           2,785           2,785 
         AICConvolutionD32 bytes               0               0               0   2,196,164,608   2,196,164,608 
           AICConvertToD32 count               0               0               0             385             385 
           AICConvertToD32 bytes               0               0               0   1,925,513,216   1,925,513,216 
            AICWriteOutput count               0               0               0              99              99 
            AICWriteOutput bytes               0               0               0     856,347,912     856,347,912 
                       Mul count               0               0               0           1,704           1,704 
                       Mul bytes               0               0               0     856,080,384     856,080,384 
              AICReadInput count               0               0               0             100             100 
              AICReadInput bytes               0               0               0     855,541,768     855,541,768 
          AICGatherNDRange count               0               0               0              96              96 
          AICGatherNDRange bytes               0               0               0     830,472,192     830,472,192 
              AICScatterND count               0               0               0              96              96 
              AICScatterND bytes               0               0               0     830,472,192     830,472,192 
       AICSelectSplatRange count               0               0               0              96              96 
       AICSelectSplatRange bytes               0               0               0     446,693,376     446,693,376 
    AICConvertWeightsToD32 count               0               0               0              96              96 
    AICConvertWeightsToD32 bytes               0               0               0     430,964,736     430,964,736 
                   Sigmoid count               0               0               0             912             912 
                   Sigmoid bytes               0               0               0     427,820,640     427,820,640 
         AICConvertFromD32 count               0               0               0           1,969           1,969 
         AICConvertFromD32 bytes               0               0               0      55,259,264      55,259,264 
               AICMulSplat count               0               0               0             122             122 
               AICMulSplat bytes               0               0               0      31,460,740      31,460,740 
                AICSoftMax count               0               0               0              48              48 
                AICSoftMax bytes               0               0               0      31,457,280      31,457,280 
                    Select count               0               0               0           1,539           1,539 
                    Select bytes               0               0               0      20,447,244      20,447,244 
                       Add count               0               0               0           1,610           1,610 
                       Add bytes               0               0               0      20,373,512      20,373,512 
                 ConvertTo count               0               0               0             104             104 
                 ConvertTo bytes               0               0               0       2,282,782       2,282,782 
           AICBroadcastMul count               0               0               0             420             420 
           AICBroadcastMul bytes               0               0               0       1,941,504       1,941,504 
          AICNormalization count               0               0               0              97              97 
          AICNormalization bytes               0               0               0         993,280         993,280 
                BatchedAdd count               0               0               0              48              48 
                BatchedAdd bytes               0               0               0         491,520         491,520 
                     Slice count               0               0               0             917             917 
                     Slice bytes               0               0               0         444,208         444,208 
                    Concat count               0               0               0              73              73 
                    Concat bytes               0               0               0         442,464         442,464 
                       Sub count               0               0               0              73              73 
                       Sub bytes               0               0               0         221,188         221,188 
             BlockQuantize count               0               0               0              96              96 
             BlockQuantize bytes               0               0               0         101,376         101,376 
                     Splat count               0               0               0               5               5 
                     Splat bytes               0               0               0          26,792          26,792 
                    Gather count               0               0               0               3               3 
                    Gather bytes               0               0               0          20,736          20,736 
               AICAddSplat count               0               0               0              75              75 
               AICAddSplat bytes               0               0               0           3,462           3,462 
                     Rsqrt count               0               0               0              72              72 
                     Rsqrt bytes               0               0               0           3,456           3,456 
       AICBatchedReduceAdd count               0               0               0              72              72 
       AICBatchedReduceAdd bytes               0               0               0           3,456           3,456 
            AICScatterData count               0               0               0              48              48 
            AICScatterData bytes               0               0               0           1,536           1,536 
                     CmpLT count               0               0               0             769             769 
                     CmpLT bytes               0               0               0             769             769 
                      TopK count               0               0               0              48              48 
                      TopK bytes               0               0               0             288             288 
                    Modulo count               0               0               0               1               1 
                    Modulo bytes               0               0               0               8               8 
                    ArgMax count               0               0               0               1               1 
                    ArgMax bytes               0               0               0               4               4 
   AICSpecializationSelect count               0               0               0               1               1 
   AICSpecializationSelect bytes               0               0               0               4               4 
                    CumSum count               0               0               0               1               1 
                    CumSum bytes               0               0               0               4               4 
                       Log count               0               0               0               1               1 
                       Log bytes               0               0               0               2               2 
                     Floor count               0               0               0               1               1 
                     Floor bytes               0               0               0               2               2 
                    CmpNEQ count               0               0               0               2               2 
                    CmpNEQ bytes               0               0               0               2               2 
                     CmpEQ count               0               0               0               1               1 
                     CmpEQ bytes               0               0               0               1               1 
                      Save count               0               0               0             100             100 
                      Save bytes               0               0               0               0               0 
