Op distribution across cores (sorted by output size imbalance):
                                              C0              C1              C2              C3          -1/DDR            Host      Unassigned           Total 
                    Concat count             481             480             480             480               0               0               0           1,921 
                    Concat bytes       5,391,616       4,583,424       4,583,424       4,583,424               0               0               0      19,141,888 
           BlockDequantize count           2,785           2,785           2,785           2,785               0               0               0          11,140 
           BlockDequantize bytes  53,784,018,944  53,784,018,944  53,783,691,264  53,783,691,264               0               0               0 215,135,420,416 
         AICConvolutionD32 count           2,785           2,785           2,785           2,785               0               0               0          11,140 
         AICConvolutionD32 bytes     549,115,904     549,115,904     549,113,856     549,113,856               0               0               0   2,196,459,520 
                 ConvertTo count             104             101             101             101               0               0               0             407 
                 ConvertTo bytes         570,782         570,766         570,638         570,638               0               0               0       2,282,824 
         AICConvertFromD32 count           2,017           2,017           2,017           2,017               0               0               0           8,068 
         AICConvertFromD32 bytes      14,012,608      14,012,608      14,012,544      14,012,544               0               0               0      56,050,304 
                    Select count           1,539           1,537           1,537           1,537               0               0               0           6,150 
                    Select bytes       5,111,820       5,111,812       5,111,812       5,111,812               0               0               0      20,447,256 
                       Add count           1,610           1,608           1,608           1,608               0               0               0           6,434 
                       Add bytes       5,093,384       5,093,376       5,093,376       5,093,376               0               0               0      20,373,512 
                       Sub count              73              72              72              72               0               0               0             289 
                       Sub bytes          55,300          55,296          55,296          55,296               0               0               0         221,188 
                    CumSum count               1               0               0               0               0               0               0               1 
                    CumSum bytes               4               0               0               0               0               0               0               4 
     AICReduceBoolToScalar count             770             768             768             768               0               0               0           3,074 
     AICReduceBoolToScalar bytes             770             768             768             768               0               0               0           3,074 
                     CmpLT count             769             768             768             768               0               0               0           3,073 
                     CmpLT bytes             769             768             768             768               0               0               0           3,073 
                    CmpNEQ count               2               1               1               1               0               0               0               5 
                    CmpNEQ bytes               2               1               1               1               0               0               0               5 
                     CmpEQ count               1               0               0               0               0               0               0               1 
                     CmpEQ bytes               1               0               0               0               0               0               0               1 
                   Reshape count           1,364           1,364           1,364           1,364               0               0               0           5,456 
                   Reshape bytes   2,771,552,110   2,771,552,110   2,771,552,110   2,771,552,110               0               0               0  11,086,208,440 
              InsertTensor count           1,873           1,873           1,873           1,873               0               0               0           7,492 
              InsertTensor bytes   2,015,825,312   2,015,825,312   2,015,825,312   2,015,825,312               0               0               0   8,063,301,248 
           AICConvertToD32 count             433             433             433             433               0               0               0           1,732 
           AICConvertToD32 bytes     572,850,176     572,850,176     572,850,176     572,850,176               0               0               0   2,291,400,704 
            AICWriteOutput count               0               0               0               0               0             390               0             390 
            AICWriteOutput bytes               0               0               0               0               0     931,550,472               0     931,550,472 
              AICReadInput count               0               0               0               0               0             397               0             397 
              AICReadInput bytes               0               0               0               0               0     930,750,472               0     930,750,472 
                       Mul count           1,704           1,704           1,704           1,704               0               0               0           6,816 
                       Mul bytes     214,020,096     214,020,096     214,020,096     214,020,096               0               0               0     856,080,384 
          AICGatherNDRange count              96              96              96              96               0               0               0             384 
          AICGatherNDRange bytes     207,618,048     207,618,048     207,618,048     207,618,048               0               0               0     830,472,192 
              AICScatterND count              96              96              96              96               0               0               0             384 
              AICScatterND bytes     207,618,048     207,618,048     207,618,048     207,618,048               0               0               0     830,472,192 
       AICSelectSplatRange count              96              96              96              96               0               0               0             384 
       AICSelectSplatRange bytes     111,673,344     111,673,344     111,673,344     111,673,344               0               0               0     446,693,376 
    AICConvertWeightsToD32 count              96              96              96              96               0               0               0             384 
    AICConvertWeightsToD32 bytes     107,741,184     107,741,184     107,741,184     107,741,184               0               0               0     430,964,736 
                   Sigmoid count             912             912             912             912               0               0               0           3,648 
                   Sigmoid bytes     106,956,384     106,956,384     106,956,384     106,956,384               0               0               0     427,825,536 
                  AICUndef count               0               0               0               0               0               0              11              11 
                  AICUndef bytes               0               0               0               0               0               0      41,956,702      41,956,702 
               AICMulSplat count             122             122             122             122               0               0               0             488 
               AICMulSplat bytes       7,867,780       7,867,780       7,867,780       7,867,780               0               0               0      31,471,120 
                AICSoftMax count              48              48              48              48               0               0               0             192 
                AICSoftMax bytes       7,864,320       7,864,320       7,864,320       7,864,320               0               0               0      31,457,280 
          AICNormalization count              97              97              97              97               0               0               0             388 
          AICNormalization bytes         993,280         993,280         993,280         993,280               0               0               0       3,973,120 
           AICBroadcastMul count             420             420             420             420               0               0               0           1,680 
           AICBroadcastMul bytes         854,016         854,016         854,016         854,016               0               0               0       3,416,064 
                BatchedAdd count              48              48              48              48               0               0               0             192 
                BatchedAdd bytes         491,520         491,520         491,520         491,520               0               0               0       1,966,080 
                     Slice count           1,038           1,038           1,038           1,038               0               0               0           4,152 
                     Slice bytes         238,712         238,712         238,712         238,712               0               0               0         954,848 
             BlockQuantize count              96              96              96              96               0               0               0             384 
             BlockQuantize bytes          25,344          25,344          25,344          25,344               0               0               0         101,376 
                    Gather count               3               3               3               3               0               0               0              12 
                    Gather bytes          20,736          20,736          20,736          20,736               0               0               0          82,944 
                     Splat count               5               5               5               5               0               0               0              20 
                     Splat bytes           6,824           6,824           6,824           6,824               0               0               0          27,296 
               AICAddSplat count              75              75              75              75               0               0               0             300 
               AICAddSplat bytes           3,462           3,462           3,462           3,462               0               0               0          13,848 
       AICBatchedReduceAdd count              72              72              72              72               0               0               0             288 
       AICBatchedReduceAdd bytes           3,456           3,456           3,456           3,456               0               0               0          13,824 
                     Rsqrt count              72              72              72              72               0               0               0             288 
                     Rsqrt bytes           3,456           3,456           3,456           3,456               0               0               0          13,824 
            AICScatterData count              48              48              48              48               0               0               0             192 
            AICScatterData bytes           1,536           1,536           1,536           1,536               0               0               0           6,144 
                      TopK count              48              48              48              48               0               0               0             192 
                      TopK bytes             288             288             288             288               0               0               0           1,152 
                    Modulo count               1               1               1               1               0               0               0               4 
                    Modulo bytes               8               8               8               8               0               0               0              32 
                    ArgMax count               1               1               1               1               0               0               0               4 
                    ArgMax bytes               4               4               4               4               0               0               0              16 
   AICSpecializationSelect count               1               1               1               1               0               0               0               4 
   AICSpecializationSelect bytes               4               4               4               4               0               0               0              16 
                       Log count               1               1               1               1               0               0               0               4 
                       Log bytes               2               2               2               2               0               0               0               8 
                     Floor count               1               1               1               1               0               0               0               4 
                     Floor bytes               2               2               2               2               0               0               0               8 
                      Save count               0               0               0               0               0               0             394             394 
                      Save bytes               0               0               0               0               0               0               0               0 
