Op distribution across cores (sorted by output size imbalance):
                                              C0              C1              C2              C3          -1/DDR            Host      Unassigned           Total 
                    Concat count             577             576             576             576               0               0               0           2,305 
                    Concat bytes     540,337,408     539,529,216     539,529,216     539,529,216               0               0               0   2,158,925,056 
           BlockDequantize count           2,785           2,785           2,785           2,785               0               0               0          11,140 
           BlockDequantize bytes  53,784,018,944  53,784,018,944  53,783,691,264  53,783,691,264               0               0               0 215,135,420,416 
         AICConvolutionD32 count           2,785           2,785           2,785           2,785               0               0               0          11,140 
         AICConvolutionD32 bytes   2,186,467,328   2,186,467,328   2,186,465,280   2,186,465,280               0               0               0   8,745,865,216 
                 ConvertTo count               8               7               7               7               0               0               0              29 
                 ConvertTo bytes         204,428         204,420         204,292         204,292               0               0               0         817,432 
         AICConvertFromD32 count           1,969           1,969           1,969           1,969               0               0               0           7,876 
         AICConvertFromD32 bytes   1,755,466,432   1,755,466,432   1,755,466,368   1,755,466,368               0               0               0   7,021,865,600 
                       Add count           1,706           1,705           1,705           1,705               0               0               0           6,821 
                       Add bytes     667,730,436     667,730,432     667,730,432     667,730,432               0               0               0   2,670,921,732 
                    Select count           1,540           1,539           1,539           1,539               0               0               0           6,157 
                    Select bytes     655,623,172     655,623,168     655,623,168     655,623,168               0               0               0   2,622,492,676 
     AICReduceBoolToScalar count             772             768             768             768               0               0               0           3,076 
     AICReduceBoolToScalar bytes             772             768             768             768               0               0               0           3,076 
       AICBatchedReduceMax count               2               1               1               1               0               0               0               5 
       AICBatchedReduceMax bytes               8               4               4               4               0               0               0              20 
                     CmpLT count             769             768             768             768               0               0               0           3,073 
                     CmpLT bytes          98,305          98,304          98,304          98,304               0               0               0         393,217 
                   Reshape count           1,330           1,330           1,330           1,330               0               0               0           5,320 
                   Reshape bytes   5,910,647,812   5,910,647,812   5,910,647,812   5,910,647,812               0               0               0  23,642,591,248 
              InsertTensor count           1,875           1,875           1,875           1,875               0               0               0           7,500 
              InsertTensor bytes   2,341,377,664   2,341,377,664   2,341,377,664   2,341,377,664               0               0               0   9,365,510,656 
           AICConvertToD32 count             385             385             385             385               0               0               0           1,540 
           AICConvertToD32 bytes   1,183,121,408   1,183,121,408   1,183,121,408   1,183,121,408               0               0               0   4,732,485,632 
       AICSelectSplatRange count              96              96              96              96               0               0               0             384 
       AICSelectSplatRange bytes   1,110,441,984   1,110,441,984   1,110,441,984   1,110,441,984               0               0               0   4,441,767,936 
               AICMulSplat count             122             122             122             122               0               0               0             488 
               AICMulSplat bytes   1,007,075,840   1,007,075,840   1,007,075,840   1,007,075,840               0               0               0   4,028,303,360 
                AICSoftMax count              48              48              48              48               0               0               0             192 
                AICSoftMax bytes   1,006,632,960   1,006,632,960   1,006,632,960   1,006,632,960               0               0               0   4,026,531,840 
                       Mul count           1,704           1,704           1,704           1,704               0               0               0           6,816 
                       Mul bytes     869,793,792     869,793,792     869,793,792     869,793,792               0               0               0   3,479,175,168 
                   Sigmoid count             912             912             912             912               0               0               0           3,648 
                   Sigmoid bytes     428,018,688     428,018,688     428,018,688     428,018,688               0               0               0   1,712,074,752 
    AICConvertWeightsToD32 count              96              96              96              96               0               0               0             384 
    AICConvertWeightsToD32 bytes     305,135,616     305,135,616     305,135,616     305,135,616               0               0               0   1,220,542,464 
            AICWriteOutput count               0               0               0               0               0             390               0             390 
            AICWriteOutput bytes               0               0               0               0               0     931,550,472               0     931,550,472 
              AICReadInput count             100             100             100             100               0               0               0             400 
              AICReadInput bytes     232,687,624     232,687,624     232,687,624     232,687,624               0               0               0     930,750,496 
          AICGatherNDRange count              96              96              96              96               0               0               0             384 
          AICGatherNDRange bytes     207,618,048     207,618,048     207,618,048     207,618,048               0               0               0     830,472,192 
              AICScatterND count              96              96              96              96               0               0               0             384 
              AICScatterND bytes     207,618,048     207,618,048     207,618,048     207,618,048               0               0               0     830,472,192 
          AICNormalization count              97              97              97              97               0               0               0             388 
          AICNormalization bytes      79,953,920      79,953,920      79,953,920      79,953,920               0               0               0     319,815,680 
           AICBroadcastMul count             420             420             420             420               0               0               0           1,680 
           AICBroadcastMul bytes      62,128,128      62,128,128      62,128,128      62,128,128               0               0               0     248,512,512 
                 Transpose count             192             192             192             192               0               0               0             768 
                 Transpose bytes      37,748,736      37,748,736      37,748,736      37,748,736               0               0               0     150,994,944 
                     Slice count           1,180           1,180           1,180           1,180               0               0               0           4,720 
                     Slice bytes      30,553,088      30,553,088      30,553,088      30,553,088               0               0               0     122,212,352 
                  AICUndef count               0               0               0               0               0               0              13              13 
                  AICUndef bytes               0               0               0               0               0               0      43,044,374      43,044,374 
                       Sub count              73              73              73              73               0               0               0             292 
                       Sub bytes       7,078,400       7,078,400       7,078,400       7,078,400               0               0               0      28,313,600 
             BlockQuantize count              96              96              96              96               0               0               0             384 
             BlockQuantize bytes       3,244,032       3,244,032       3,244,032       3,244,032               0               0               0      12,976,128 
                    Gather count               4               4               4               4               0               0               0              16 
                    Gather bytes       2,664,448       2,664,448       2,664,448       2,664,448               0               0               0      10,657,792 
                     Splat count               5               5               5               5               0               0               0              20 
                     Splat bytes         857,216         857,216         857,216         857,216               0               0               0       3,428,864 
               AICAddSplat count              75              75              75              75               0               0               0             300 
               AICAddSplat bytes         443,136         443,136         443,136         443,136               0               0               0       1,772,544 
                     Rsqrt count              72              72              72              72               0               0               0             288 
                     Rsqrt bytes         442,368         442,368         442,368         442,368               0               0               0       1,769,472 
       AICBatchedReduceAdd count              72              72              72              72               0               0               0             288 
       AICBatchedReduceAdd bytes         442,368         442,368         442,368         442,368               0               0               0       1,769,472 
            AICScatterData count              48              48              48              48               0               0               0             192 
            AICScatterData bytes         196,608         196,608         196,608         196,608               0               0               0         786,432 
                      TopK count              48              48              48              48               0               0               0             192 
                      TopK bytes           9,216           9,216           9,216           9,216               0               0               0          36,864 
                    Modulo count               1               1               1               1               0               0               0               4 
                    Modulo bytes           1,024           1,024           1,024           1,024               0               0               0           4,096 
                    CumSum count               1               1               1               1               0               0               0               4 
                    CumSum bytes             512             512             512             512               0               0               0           2,048 
                     Floor count               1               1               1               1               0               0               0               4 
                     Floor bytes             256             256             256             256               0               0               0           1,024 
                       Log count               1               1               1               1               0               0               0               4 
                       Log bytes             256             256             256             256               0               0               0           1,024 
                    CmpNEQ count               2               2               2               2               0               0               0               8 
                    CmpNEQ bytes             256             256             256             256               0               0               0           1,024 
                     CmpEQ count               1               1               1               1               0               0               0               4 
                     CmpEQ bytes             128             128             128             128               0               0               0             512 
                    ArgMax count               1               1               1               1               0               0               0               4 
                    ArgMax bytes               4               4               4               4               0               0               0              16 
   AICSpecializationSelect count               1               1               1               1               0               0               0               4 
   AICSpecializationSelect bytes               4               4               4               4               0               0               0              16 
                      Save count               0               0               0               0               0               0             394             394 
                      Save bytes               0               0               0               0               0               0               0               0 
